<?xml version="1.0" encoding="UTF-8"?>
<testng-results skipped="0" failed="0" ignored="0" total="1" passed="1">
  <reporter-output>
  </reporter-output>
  <suite name="OrangeSuite" duration-ms="35123" started-at="2017-02-21T15:00:55Z" finished-at="2017-02-21T15:01:30Z">
    <groups>
    </groups>
    <test name="TestFirefox" duration-ms="35123" started-at="2017-02-21T15:00:55Z" finished-at="2017-02-21T15:01:30Z">
      <class name="com.hrm.scripts.LoginLogoutTest">
        <test-method status="PASS" signature="initReport()[pri:0, instance:com.hrm.scripts.LoginLogoutTest@13805618]" name="initReport" is-config="true" duration-ms="909" started-at="2017-02-21T20:30:54Z" finished-at="2017-02-21T20:30:55Z">
          <reporter-output>
          </reporter-output>
        </test-method> <!-- initReport -->
        <test-method status="PASS" signature="initGlobalVar()[pri:0, instance:com.hrm.scripts.LoginLogoutTest@13805618]" name="initGlobalVar" is-config="true" duration-ms="7" started-at="2017-02-21T20:30:55Z" finished-at="2017-02-21T20:30:55Z">
          <reporter-output>
          </reporter-output>
        </test-method> <!-- initGlobalVar -->
        <test-method status="PASS" signature="initApplication(java.lang.String)[pri:0, instance:com.hrm.scripts.LoginLogoutTest@13805618]" name="initApplication" is-config="true" duration-ms="7152" started-at="2017-02-21T20:30:55Z" finished-at="2017-02-21T20:31:02Z">
          <params>
            <param index="0">
              <value>
                <![CDATA[firefox]]>
              </value>
            </param>
          </params>
          <reporter-output>
          </reporter-output>
        </test-method> <!-- initApplication -->
        <test-method status="PASS" signature="preCondition(java.lang.reflect.Method)[pri:0, instance:com.hrm.scripts.LoginLogoutTest@13805618]" name="preCondition" is-config="true" duration-ms="20958" started-at="2017-02-21T20:31:02Z" finished-at="2017-02-21T20:31:23Z">
          <params>
            <param index="0">
              <value>
                <![CDATA[public void com.hrm.scripts.LoginLogoutTest.testAutoLoginLogout()]]>
              </value>
            </param>
          </params>
          <reporter-output>
          </reporter-output>
        </test-method> <!-- preCondition -->
        <test-method status="PASS" signature="testAutoLoginLogout()[pri:0, instance:com.hrm.scripts.LoginLogoutTest@13805618]" name="testAutoLoginLogout" duration-ms="15" started-at="2017-02-21T20:31:23Z" finished-at="2017-02-21T20:31:23Z">
          <reporter-output>
          </reporter-output>
        </test-method> <!-- testAutoLoginLogout -->
        <test-method status="FAIL" signature="postCondition(org.testng.ITestResult)[pri:0, instance:com.hrm.scripts.LoginLogoutTest@13805618]" name="postCondition" is-config="true" duration-ms="0" started-at="2017-02-21T20:31:23Z" finished-at="2017-02-21T20:31:23Z">
          <params>
            <param index="0">
              <value>
                <![CDATA[[TestResult name=testAutoLoginLogout status=SUCCESS method=LoginLogoutTest.testAutoLoginLogout()[pri:0, instance:com.hrm.scripts.LoginLogoutTest@13805618] output={null}]]]>
              </value>
            </param>
          </params>
          <exception class="org.openqa.selenium.ElementNotVisibleException">
            <message>
              <![CDATA[Element is not visible
Build info: version: '3.0.1', revision: '1969d75', time: '2016-10-18 09:48:19 -0700'
System info: host: 'sandeekc', ip: '192.168.43.93', os.name: 'Windows 7', os.arch: 'amd64', os.version: '6.1', java.version: '1.8.0_91'
Driver info: org.openqa.selenium.firefox.FirefoxDriver
Capabilities [{rotatable=false, raisesAccessibilityExceptions=false, marionette=true, firefoxOptions={args=[], prefs={}}, appBuildId=20161031133903, version=, platform=XP, proxy={}, command_id=1, specificationLevel=0, acceptSslCerts=false, browserVersion=47.0.2, platformVersion=6.1, XULappId={ec8030f7-c20a-464f-9b0e-13a3a9e97384}, browserName=Firefox, takesScreenshot=true, takesElementScreenshot=true, platformName=Windows_NT, device=desktop}]
Session ID: 8ed275ab-c8a0-4d41-80ec-1c22ae6209ee]]>
            </message>
            <full-stacktrace>
              <![CDATA[org.openqa.selenium.ElementNotVisibleException: Element is not visible
Build info: version: '3.0.1', revision: '1969d75', time: '2016-10-18 09:48:19 -0700'
System info: host: 'sandeekc', ip: '192.168.43.93', os.name: 'Windows 7', os.arch: 'amd64', os.version: '6.1', java.version: '1.8.0_91'
Driver info: org.openqa.selenium.firefox.FirefoxDriver
Capabilities [{rotatable=false, raisesAccessibilityExceptions=false, marionette=true, firefoxOptions={args=[], prefs={}}, appBuildId=20161031133903, version=, platform=XP, proxy={}, command_id=1, specificationLevel=0, acceptSslCerts=false, browserVersion=47.0.2, platformVersion=6.1, XULappId={ec8030f7-c20a-464f-9b0e-13a3a9e97384}, browserName=Firefox, takesScreenshot=true, takesElementScreenshot=true, platformName=Windows_NT, device=desktop}]
Session ID: 8ed275ab-c8a0-4d41-80ec-1c22ae6209ee
	at sun.reflect.NativeConstructorAccessorImpl.newInstance0(Native Method)
	at sun.reflect.NativeConstructorAccessorImpl.newInstance(Unknown Source)
	at sun.reflect.DelegatingConstructorAccessorImpl.newInstance(Unknown Source)
	at java.lang.reflect.Constructor.newInstance(Unknown Source)
	at org.openqa.selenium.remote.http.W3CHttpResponseCodec.createException(W3CHttpResponseCodec.java:127)
	at org.openqa.selenium.remote.http.W3CHttpResponseCodec.decode(W3CHttpResponseCodec.java:93)
	at org.openqa.selenium.remote.http.W3CHttpResponseCodec.decode(W3CHttpResponseCodec.java:42)
	at org.openqa.selenium.remote.HttpCommandExecutor.execute(HttpCommandExecutor.java:163)
	at org.openqa.selenium.remote.service.DriverCommandExecutor.execute(DriverCommandExecutor.java:82)
	at org.openqa.selenium.remote.RemoteWebDriver.execute(RemoteWebDriver.java:601)
	at org.openqa.selenium.remote.RemoteWebElement.execute(RemoteWebElement.java:274)
	at org.openqa.selenium.remote.RemoteWebElement.click(RemoteWebElement.java:84)
	at sun.reflect.NativeMethodAccessorImpl.invoke0(Native Method)
	at sun.reflect.NativeMethodAccessorImpl.invoke(Unknown Source)
	at sun.reflect.DelegatingMethodAccessorImpl.invoke(Unknown Source)
	at java.lang.reflect.Method.invoke(Unknown Source)
	at org.openqa.selenium.support.pagefactory.internal.LocatingElementHandler.invoke(LocatingElementHandler.java:51)
	at com.sun.proxy.$Proxy15.click(Unknown Source)
	at com.hrm.base.HomePage.logout(HomePage.java:21)
	at com.hrm.base.BaseTest.postCondition(BaseTest.java:114)
	at sun.reflect.NativeMethodAccessorImpl.invoke0(Native Method)
	at sun.reflect.NativeMethodAccessorImpl.invoke(Unknown Source)
	at sun.reflect.DelegatingMethodAccessorImpl.invoke(Unknown Source)
	at java.lang.reflect.Method.invoke(Unknown Source)
	at org.testng.internal.MethodInvocationHelper.invokeMethod(MethodInvocationHelper.java:104)
	at org.testng.internal.Invoker.invokeConfigurationMethod(Invoker.java:515)
	at org.testng.internal.Invoker.invokeConfigurations(Invoker.java:217)
	at org.testng.internal.Invoker.invokeMethod(Invoker.java:712)
	at org.testng.internal.Invoker.invokeTestMethod(Invoker.java:851)
	at org.testng.internal.Invoker.invokeTestMethods(Invoker.java:1177)
	at org.testng.internal.TestMethodWorker.invokeTestMethods(TestMethodWorker.java:129)
	at org.testng.internal.TestMethodWorker.run(TestMethodWorker.java:112)
	at org.testng.TestRunner.privateRun(TestRunner.java:756)
	at org.testng.TestRunner.run(TestRunner.java:610)
	at org.testng.SuiteRunner.runTest(SuiteRunner.java:387)
	at org.testng.SuiteRunner.runSequentially(SuiteRunner.java:382)
	at org.testng.SuiteRunner.privateRun(SuiteRunner.java:340)
	at org.testng.SuiteRunner.run(SuiteRunner.java:289)
	at org.testng.SuiteRunnerWorker.runSuite(SuiteRunnerWorker.java:52)
	at org.testng.SuiteRunnerWorker.run(SuiteRunnerWorker.java:86)
	at org.testng.TestNG.runSuitesSequentially(TestNG.java:1293)
	at org.testng.TestNG.runSuitesLocally(TestNG.java:1218)
	at org.testng.TestNG.runSuites(TestNG.java:1133)
	at org.testng.TestNG.run(TestNG.java:1104)
	at org.testng.remote.AbstractRemoteTestNG.run(AbstractRemoteTestNG.java:132)
	at org.testng.remote.RemoteTestNG.initAndRun(RemoteTestNG.java:236)
	at org.testng.remote.RemoteTestNG.main(RemoteTestNG.java:81)
]]>
            </full-stacktrace>
          </exception> <!-- org.openqa.selenium.ElementNotVisibleException -->
          <reporter-output>
          </reporter-output>
        </test-method> <!-- postCondition -->
        <test-method status="SKIP" signature="closeApplication()[pri:0, instance:com.hrm.scripts.LoginLogoutTest@13805618]" name="closeApplication" is-config="true" duration-ms="0" started-at="2017-02-21T20:31:30Z" finished-at="2017-02-21T20:31:30Z">
          <reporter-output>
          </reporter-output>
        </test-method> <!-- closeApplication -->
        <test-method status="SKIP" signature="publishReport()[pri:0, instance:com.hrm.scripts.LoginLogoutTest@13805618]" name="publishReport" is-config="true" duration-ms="0" started-at="2017-02-21T20:31:30Z" finished-at="2017-02-21T20:31:30Z">
          <reporter-output>
          </reporter-output>
        </test-method> <!-- publishReport -->
      </class> <!-- com.hrm.scripts.LoginLogoutTest -->
    </test> <!-- TestFirefox -->
  </suite> <!-- OrangeSuite -->
</testng-results>
